<?xml version="1.0" encoding="UTF-8"?>
<!-- Generated by org.testng.reporters.JUnitReportReporter -->
<testsuite hostname="N2212008" failures="0" tests="1" name="com.qa.tests.LoginTest" time="0.007" errors="0" timestamp="2024-12-30T08:24:45 AST" skipped="0">
  <testcase classname="com.qa.tests.LoginTest" name="login" time="0.007"/>
</testsuite> <!-- com.qa.tests.LoginTest -->
